2017-10-31 20:07:52 +0000  Initial pipeline context: <IDEDistributionProcessingPipelineContext: 0x7fc6af854510; archive(resolved)='<IDEArchive: 0x7fc6c3603250>', distributionTask(resolved)='2', distributionMethod(resolved)='<IDEDistributionMethodiOSEnterprise: 0x7fc6c551a4a0>', team(resolved)='<IDEProvisioningBasicTeam 0x7fc6abed6b20: teamID: PEVL7W78Y7, teamName: Corporativo Three Wise Monkeys, Corporation>'>
	Chain (11, self inclusive):
	<IDEDistributionProcessingPipelineContext: 0x7fc6af854510; archive = '<IDEArchive: 0x7fc6c3603250>', distributionMethod='<IDEDistributionMethodiOSEnterprise: 0x7fc6c551a4a0>', team='<IDEProvisioningBasicTeam 0x7fc6abed6b20: teamID: PEVL7W78Y7, teamName: Corporativo Three Wise Monkeys, Corporation>'>
	<IDEDistributionProcessingPipelineContext: 0x7fc6af84bb90; archive = '<IDEArchive: 0x7fc6c3603250>', distributionMethod='<IDEDistributionMethodiOSEnterprise: 0x7fc6c551a4a0>', team='<IDEProvisioningBasicTeam 0x7fc6abed6b20: teamID: PEVL7W78Y7, teamName: Corporativo Three Wise Monkeys, Corporation>'>
	<IDEDistributionContext: 0x7fc6aefd8b10; archive = '<IDEArchive: 0x7fc6c3603250>', distributionMethod='<IDEDistributionMethodiOSEnterprise: 0x7fc6c551a4a0>', team='<IDEProvisioningBasicTeam 0x7fc6abed6b20: teamID: PEVL7W78Y7, teamName: Corporativo Three Wise Monkeys, Corporation>'>
	<IDEDistributionContext: 0x7fc6ae851250; archive = '<IDEArchive: 0x7fc6c3603250>', distributionMethod='<IDEDistributionMethodiOSEnterprise: 0x7fc6c551a4a0>', team='<IDEProvisioningBasicTeam 0x7fc6abed6b20: teamID: PEVL7W78Y7, teamName: Corporativo Three Wise Monkeys, Corporation>'>
	<IDEDistributionContext: 0x7fc6c4bb66f0; archive = '<IDEArchive: 0x7fc6c3603250>', distributionMethod='<IDEDistributionMethodiOSEnterprise: 0x7fc6c551a4a0>', team='<IDEProvisioningBasicTeam 0x7fc6abed6b20: teamID: PEVL7W78Y7, teamName: Corporativo Three Wise Monkeys, Corporation>'>
	<IDEDistributionContext: 0x7fc6ae83e420; archive = '<IDEArchive: 0x7fc6c3603250>', distributionMethod='<IDEDistributionMethodiOSEnterprise: 0x7fc6c551a4a0>', team='<IDEProvisioningBasicTeam 0x7fc6abed6b20: teamID: PEVL7W78Y7, teamName: Corporativo Three Wise Monkeys, Corporation>'>
	<IDEDistributionContext: 0x7fc6aebb8d20; archive = '<IDEArchive: 0x7fc6c3603250>', distributionMethod='<IDEDistributionMethodiOSEnterprise: 0x7fc6c551a4a0>', team='<IDEProvisioningBasicTeam 0x7fc6abed6b20: teamID: PEVL7W78Y7, teamName: Corporativo Three Wise Monkeys, Corporation>'>
	<IDEDistributionContext: 0x7fc6af88ebb0; archive = '<IDEArchive: 0x7fc6c3603250>', distributionMethod='<IDEDistributionMethodiOSEnterprise: 0x7fc6c551a4a0>', team='<IDEProvisioningBasicTeam 0x7fc6abed6b20: teamID: PEVL7W78Y7, teamName: Corporativo Three Wise Monkeys, Corporation>'>
	<IDEDistributionContext: 0x7fc6af86ede0; archive = '<IDEArchive: 0x7fc6c3603250>', distributionMethod='<IDEDistributionMethodiOSEnterprise: 0x7fc6c551a4a0>', team='<IDEProvisioningBasicTeam 0x7fc6abed6b20: teamID: PEVL7W78Y7, teamName: Corporativo Three Wise Monkeys, Corporation>'>
	<IDEDistributionContext: 0x7fc6c3694750; archive = '<IDEArchive: 0x7fc6c3603250>', distributionMethod='<IDEDistributionMethodiOSEnterprise: 0x7fc6c551a4a0>', team='(null)'>
	<IDEDistributionContext: 0x7fc6c665b1a0; archive = '<IDEArchive: 0x7fc6c3603250>', distributionMethod='(null)', team='(null)'>
</IDEDistributionProcessingPipelineContext: 0x7fc6af854510>
2017-10-31 20:07:52 +0000  Processing step: IDEDistributionCreateDestRootStep
2017-10-31 20:07:52 +0000  Processing step: IDEDistributionCopyItemStep
2017-10-31 20:07:52 +0000  Running /usr/bin/ditto '-V' '/Users/cca000q/Library/Developer/Xcode/Archives/2017-10-31/Ruta8 10-31-17, 13.21.xcarchive/Products/Applications/Ruta8.app' '/var/folders/jl/kxkjwfqx5rl7nv1nc9jmpdmc6fbp_7/T/XcodeDistPipeline.NGE/Root/Payload/Ruta8.app'
2017-10-31 20:07:52 +0000  >>> Copying /Users/cca000q/Library/Developer/Xcode/Archives/2017-10-31/Ruta8 10-31-17, 13.21.xcarchive/Products/Applications/Ruta8.app 
2017-10-31 20:07:52 +0000  copying file ./_CodeSignature/CodeResources ... 
2017-10-31 20:07:52 +0000  34289 bytes for ./_CodeSignature/CodeResources
2017-10-31 20:07:52 +0000  copying file ./appbeep.wav ... 
2017-10-31 20:07:52 +0000  11968 bytes for ./appbeep.wav
2017-10-31 20:07:52 +0000  copying file ./AppIcon29x29.png ... 
2017-10-31 20:07:52 +0000  1161 bytes for ./AppIcon29x29.png
2017-10-31 20:07:52 +0000  copying file ./AppIcon29x29@2x.png ... 
2017-10-31 20:07:52 +0000  2643 bytes for ./AppIcon29x29@2x.png
copying file ./AppIcon29x29@2x~ipad.png ... 
2017-10-31 20:07:52 +0000  2643 bytes for ./AppIcon29x29@2x~ipad.png
2017-10-31 20:07:52 +0000  copying file ./AppIcon29x29@3x.png ... 
2017-10-31 20:07:52 +0000  6514 bytes for ./AppIcon29x29@3x.png
2017-10-31 20:07:52 +0000  copying file ./AppIcon29x29~ipad.png ... 
2017-10-31 20:07:52 +0000  1161 bytes for ./AppIcon29x29~ipad.png
copying file ./AppIcon40x40@2x.png ... 
2017-10-31 20:07:52 +0000  6217 bytes for ./AppIcon40x40@2x.png
2017-10-31 20:07:52 +0000  copying file ./AppIcon40x40@2x~ipad.png ... 
2017-10-31 20:07:52 +0000  6217 bytes for ./AppIcon40x40@2x~ipad.png
copying file ./AppIcon40x40@3x.png ... 
2017-10-31 20:07:52 +0000  9342 bytes for ./AppIcon40x40@3x.png
2017-10-31 20:07:52 +0000  copying file ./AppIcon40x40~ipad.png ... 
2017-10-31 20:07:52 +0000  1574 bytes for ./AppIcon40x40~ipad.png
2017-10-31 20:07:52 +0000  copying file ./AppIcon50x50@2x~ipad.png ... 
2017-10-31 20:07:52 +0000  7917 bytes for ./AppIcon50x50@2x~ipad.png
copying file ./AppIcon50x50~ipad.png ... 
2017-10-31 20:07:52 +0000  2278 bytes for ./AppIcon50x50~ipad.png
copying file ./AppIcon57x57.png ... 
2017-10-31 20:07:52 +0000  2442 bytes for ./AppIcon57x57.png
2017-10-31 20:07:52 +0000  copying file ./AppIcon57x57@2x.png ... 
2017-10-31 20:07:52 +0000  9149 bytes for ./AppIcon57x57@2x.png
copying file ./AppIcon60x60@2x.png ... 
2017-10-31 20:07:52 +0000  9342 bytes for ./AppIcon60x60@2x.png
copying file ./AppIcon60x60@3x.png ... 
2017-10-31 20:07:52 +0000  15427 bytes for ./AppIcon60x60@3x.png
2017-10-31 20:07:52 +0000  copying file ./AppIcon72x72@2x~ipad.png ... 
2017-10-31 20:07:52 +0000  11850 bytes for ./AppIcon72x72@2x~ipad.png
2017-10-31 20:07:52 +0000  copying file ./AppIcon72x72~ipad.png ... 
2017-10-31 20:07:52 +0000  5055 bytes for ./AppIcon72x72~ipad.png
copying file ./AppIcon76x76@2x~ipad.png ... 
2017-10-31 20:07:52 +0000  12482 bytes for ./AppIcon76x76@2x~ipad.png
2017-10-31 20:07:52 +0000  copying file ./AppIcon76x76~ipad.png ... 
2017-10-31 20:07:52 +0000  5829 bytes for ./AppIcon76x76~ipad.png
copying file ./AppIcon83.5x83.5@2x~ipad.png ... 
2017-10-31 20:07:52 +0000  14259 bytes for ./AppIcon83.5x83.5@2x~ipad.png
2017-10-31 20:07:52 +0000  copying file ./archived-expanded-entitlements.xcent ... 
2017-10-31 20:07:52 +0000  396 bytes for ./archived-expanded-entitlements.xcent
copying file ./Assets.car ... 
2017-10-31 20:07:52 +0000  367224 bytes for ./Assets.car
2017-10-31 20:07:52 +0000  copying file ./CDVLaunchScreen.storyboardc/01J-lp-oVM-view-Ze5-6b-2t3.nib ... 
2017-10-31 20:07:52 +0000  2282 bytes for ./CDVLaunchScreen.storyboardc/01J-lp-oVM-view-Ze5-6b-2t3.nib
copying file ./CDVLaunchScreen.storyboardc/Info.plist ... 
2017-10-31 20:07:52 +0000  258 bytes for ./CDVLaunchScreen.storyboardc/Info.plist
2017-10-31 20:07:52 +0000  copying file ./CDVLaunchScreen.storyboardc/UIViewController-01J-lp-oVM.nib ... 
2017-10-31 20:07:52 +0000  832 bytes for ./CDVLaunchScreen.storyboardc/UIViewController-01J-lp-oVM.nib
2017-10-31 20:07:52 +0000  copying file ./config.xml ... 
2017-10-31 20:07:52 +0000  6708 bytes for ./config.xml
2017-10-31 20:07:52 +0000  copying file ./embedded.mobileprovision ... 
2017-10-31 20:07:52 +0000  7803 bytes for ./embedded.mobileprovision
2017-10-31 20:07:52 +0000  copying file ./Info.plist ... 
2017-10-31 20:07:52 +0000  2485 bytes for ./Info.plist
2017-10-31 20:07:52 +0000  copying file ./LaunchImage-568h@2x.png ... 
2017-10-31 20:07:52 +0000  24210 bytes for ./LaunchImage-568h@2x.png
copying file ./LaunchImage-700-568h@2x.png ... 
2017-10-31 20:07:52 +0000  24210 bytes for ./LaunchImage-700-568h@2x.png
2017-10-31 20:07:52 +0000  copying file ./LaunchImage-700-Landscape@2x~ipad.png ... 
2017-10-31 20:07:52 +0000  141851 bytes for ./LaunchImage-700-Landscape@2x~ipad.png
2017-10-31 20:07:52 +0000  copying file ./LaunchImage-700-Landscape~ipad.png ... 
2017-10-31 20:07:52 +0000  28641 bytes for ./LaunchImage-700-Landscape~ipad.png
copying file ./LaunchImage-700-Portrait@2x~ipad.png ... 
2017-10-31 20:07:52 +0000  145829 bytes for ./LaunchImage-700-Portrait@2x~ipad.png
2017-10-31 20:07:52 +0000  copying file ./LaunchImage-700-Portrait~ipad.png ... 
2017-10-31 20:07:52 +0000  27228 bytes for ./LaunchImage-700-Portrait~ipad.png
2017-10-31 20:07:52 +0000  copying file ./LaunchImage-700@2x.png ... 
2017-10-31 20:07:52 +0000  23869 bytes for ./LaunchImage-700@2x.png
copying file ./LaunchImage-800-667h@2x.png ... 
2017-10-31 20:07:52 +0000  30104 bytes for ./LaunchImage-800-667h@2x.png
2017-10-31 20:07:52 +0000  copying file ./LaunchImage-800-Landscape-736h@3x.png ... 
2017-10-31 20:07:52 +0000  136925 bytes for ./LaunchImage-800-Landscape-736h@3x.png
2017-10-31 20:07:52 +0000  copying file ./LaunchImage-800-Portrait-736h@3x.png ... 
2017-10-31 20:07:52 +0000  137256 bytes for ./LaunchImage-800-Portrait-736h@3x.png
copying file ./LaunchImage-Portrait@2x~ipad.png ... 
2017-10-31 20:07:52 +0000  145829 bytes for ./LaunchImage-Portrait@2x~ipad.png
2017-10-31 20:07:52 +0000  copying file ./LaunchImage-Portrait~ipad.png ... 
2017-10-31 20:07:52 +0000  27228 bytes for ./LaunchImage-Portrait~ipad.png
2017-10-31 20:07:52 +0000  copying file ./LaunchImage.png ... 
2017-10-31 20:07:52 +0000  9852 bytes for ./LaunchImage.png
2017-10-31 20:07:52 +0000  copying file ./LaunchImage@2x.png ... 
2017-10-31 20:07:52 +0000  23869 bytes for ./LaunchImage@2x.png
2017-10-31 20:07:52 +0000  copying file ./MainViewController.nib ... 
2017-10-31 20:07:52 +0000  943 bytes for ./MainViewController.nib
copying file ./PkgInfo ... 
2017-10-31 20:07:52 +0000  8 bytes for ./PkgInfo
copying file ./Ruta8 ... 
2017-10-31 20:07:52 +0000  1581808 bytes for ./Ruta8
2017-10-31 20:07:52 +0000  copying file ./www/assets/fonts/ionicons.woff ... 
2017-10-31 20:07:52 +0000  80356 bytes for ./www/assets/fonts/ionicons.woff
2017-10-31 20:07:52 +0000  copying file ./www/assets/fonts/ionicons.woff2 ... 
2017-10-31 20:07:52 +0000  61020 bytes for ./www/assets/fonts/ionicons.woff2
copying file ./www/assets/fonts/roboto-bold.woff ... 
2017-10-31 20:07:52 +0000  13348 bytes for ./www/assets/fonts/roboto-bold.woff
2017-10-31 20:07:52 +0000  copying file ./www/assets/fonts/roboto-bold.woff2 ... 
2017-10-31 20:07:52 +0000  10212 bytes for ./www/assets/fonts/roboto-bold.woff2
copying file ./www/assets/fonts/roboto-light.woff ... 
2017-10-31 20:07:52 +0000  13360 bytes for ./www/assets/fonts/roboto-light.woff
2017-10-31 20:07:52 +0000  copying file ./www/assets/fonts/roboto-light.woff2 ... 
2017-10-31 20:07:52 +0000  10220 bytes for ./www/assets/fonts/roboto-light.woff2
2017-10-31 20:07:52 +0000  copying file ./www/assets/fonts/roboto-medium.woff ... 
2017-10-31 20:07:52 +0000  13248 bytes for ./www/assets/fonts/roboto-medium.woff
copying file ./www/assets/fonts/roboto-medium.woff2 ... 
2017-10-31 20:07:52 +0000  10192 bytes for ./www/assets/fonts/roboto-medium.woff2
copying file ./www/assets/fonts/roboto-regular.woff ... 
2017-10-31 20:07:52 +0000  13308 bytes for ./www/assets/fonts/roboto-regular.woff
2017-10-31 20:07:52 +0000  copying file ./www/assets/fonts/roboto-regular.woff2 ... 
2017-10-31 20:07:52 +0000  10196 bytes for ./www/assets/fonts/roboto-regular.woff2
2017-10-31 20:07:52 +0000  copying file ./www/assets/icon/favicon.ico ... 
2017-10-31 20:07:52 +0000  1981 bytes for ./www/assets/icon/favicon.ico
2017-10-31 20:07:52 +0000  copying file ./www/assets/images/destino.png ... 
2017-10-31 20:07:52 +0000  23621 bytes for ./www/assets/images/destino.png
2017-10-31 20:07:52 +0000  copying file ./www/assets/images/logo.jpg ... 
2017-10-31 20:07:52 +0000  45428 bytes for ./www/assets/images/logo.jpg
2017-10-31 20:07:52 +0000  copying file ./www/assets/images/marker.png ... 
2017-10-31 20:07:52 +0000  31920 bytes for ./www/assets/images/marker.png
2017-10-31 20:07:52 +0000  copying file ./www/assets/images/user.png ... 
2017-10-31 20:07:52 +0000  24699 bytes for ./www/assets/images/user.png
2017-10-31 20:07:52 +0000  copying file ./www/build/0.main.js ... 
2017-10-31 20:07:52 +0000  1999 bytes for ./www/build/0.main.js
2017-10-31 20:07:52 +0000  copying file ./www/build/0.main.js.map ... 
2017-10-31 20:07:52 +0000  870 bytes for ./www/build/0.main.js.map
copying file ./www/build/1.main.js ... 
2017-10-31 20:07:52 +0000  2044 bytes for ./www/build/1.main.js
2017-10-31 20:07:52 +0000  copying file ./www/build/1.main.js.map ... 
2017-10-31 20:07:52 +0000  905 bytes for ./www/build/1.main.js.map
copying file ./www/build/2.main.js ... 
2017-10-31 20:07:52 +0000  1984 bytes for ./www/build/2.main.js
copying file ./www/build/2.main.js.map ... 
2017-10-31 20:07:52 +0000  858 bytes for ./www/build/2.main.js.map
copying file ./www/build/3.main.js ... 
2017-10-31 20:07:52 +0000  2029 bytes for ./www/build/3.main.js
2017-10-31 20:07:52 +0000  copying file ./www/build/3.main.js.map ... 
2017-10-31 20:07:52 +0000  893 bytes for ./www/build/3.main.js.map
2017-10-31 20:07:52 +0000  copying file ./www/build/4.main.js ... 
2017-10-31 20:07:52 +0000  1903 bytes for ./www/build/4.main.js
2017-10-31 20:07:52 +0000  copying file ./www/build/4.main.js.map ... 
2017-10-31 20:07:52 +0000  785 bytes for ./www/build/4.main.js.map
2017-10-31 20:07:52 +0000  copying file ./www/build/5.main.js ... 
2017-10-31 20:07:52 +0000  1918 bytes for ./www/build/5.main.js
2017-10-31 20:07:52 +0000  copying file ./www/build/5.main.js.map ... 
2017-10-31 20:07:52 +0000  795 bytes for ./www/build/5.main.js.map
2017-10-31 20:07:52 +0000  copying file ./www/build/6.main.js ... 
2017-10-31 20:07:52 +0000  1904 bytes for ./www/build/6.main.js
copying file ./www/build/6.main.js.map ... 
2017-10-31 20:07:52 +0000  785 bytes for ./www/build/6.main.js.map
copying file ./www/build/7.main.js ... 
2017-10-31 20:07:52 +0000  1948 bytes for ./www/build/7.main.js
2017-10-31 20:07:52 +0000  copying file ./www/build/7.main.js.map ... 
2017-10-31 20:07:52 +0000  821 bytes for ./www/build/7.main.js.map
2017-10-31 20:07:52 +0000  copying file ./www/build/main.css ... 
2017-10-31 20:07:52 +0000  497085 bytes for ./www/build/main.css
2017-10-31 20:07:52 +0000  copying file ./www/build/main.css.map ... 
2017-10-31 20:07:52 +0000  4 bytes for ./www/build/main.css.map
2017-10-31 20:07:52 +0000  copying file ./www/build/main.js ... 
2017-10-31 20:07:52 +0000  4819332 bytes for ./www/build/main.js
copying file ./www/build/main.js.map ... 
2017-10-31 20:07:52 +0000  5630148 bytes for ./www/build/main.js.map
copying file ./www/build/polyfills.js ... 
2017-10-31 20:07:52 +0000  89629 bytes for ./www/build/polyfills.js
2017-10-31 20:07:52 +0000  copying file ./www/build/sw-toolbox.js ... 
2017-10-31 20:07:52 +0000  15793 bytes for ./www/build/sw-toolbox.js
2017-10-31 20:07:52 +0000  copying file ./www/cordova-js-src/exec.js ... 
2017-10-31 20:07:52 +0000  8877 bytes for ./www/cordova-js-src/exec.js
copying file ./www/cordova-js-src/platform.js ... 
2017-10-31 20:07:52 +0000  943 bytes for ./www/cordova-js-src/platform.js
2017-10-31 20:07:52 +0000  copying file ./www/cordova.js ... 
2017-10-31 20:07:52 +0000  61623 bytes for ./www/cordova.js
2017-10-31 20:07:52 +0000  copying file ./www/cordova_plugins.js ... 
2017-10-31 20:07:52 +0000  4308 bytes for ./www/cordova_plugins.js
copying file ./www/index.html ... 
2017-10-31 20:07:52 +0000  1535 bytes for ./www/index.html
2017-10-31 20:07:52 +0000  copying file ./www/manifest.json ... 
2017-10-31 20:07:52 +0000  266 bytes for ./www/manifest.json
2017-10-31 20:07:52 +0000  copying file ./www/plugins/cordova-plugin-background-mode/www/background-mode.js ... 
2017-10-31 20:07:52 +0000  8725 bytes for ./www/plugins/cordova-plugin-background-mode/www/background-mode.js
2017-10-31 20:07:52 +0000  copying file ./www/plugins/cordova-plugin-console/www/console-via-logger.js ... 
2017-10-31 20:07:52 +0000  6896 bytes for ./www/plugins/cordova-plugin-console/www/console-via-logger.js
2017-10-31 20:07:52 +0000  copying file ./www/plugins/cordova-plugin-console/www/logger.js ... 
2017-10-31 20:07:52 +0000  10323 bytes for ./www/plugins/cordova-plugin-console/www/logger.js
2017-10-31 20:07:52 +0000  copying file ./www/plugins/cordova-plugin-device/www/device.js ... 
2017-10-31 20:07:52 +0000  3062 bytes for ./www/plugins/cordova-plugin-device/www/device.js
2017-10-31 20:07:52 +0000  copying file ./www/plugins/cordova-plugin-geolocation/www/Coordinates.js ... 
2017-10-31 20:07:52 +0000  2075 bytes for ./www/plugins/cordova-plugin-geolocation/www/Coordinates.js
2017-10-31 20:07:52 +0000  copying file ./www/plugins/cordova-plugin-geolocation/www/geolocation.js ... 
2017-10-31 20:07:52 +0000  8629 bytes for ./www/plugins/cordova-plugin-geolocation/www/geolocation.js
2017-10-31 20:07:52 +0000  copying file ./www/plugins/cordova-plugin-geolocation/www/Position.js ... 
2017-10-31 20:07:52 +0000  1358 bytes for ./www/plugins/cordova-plugin-geolocation/www/Position.js
copying file ./www/plugins/cordova-plugin-geolocation/www/PositionError.js ... 
2017-10-31 20:07:52 +0000  1376 bytes for ./www/plugins/cordova-plugin-geolocation/www/PositionError.js
2017-10-31 20:07:52 +0000  copying file ./www/plugins/cordova-plugin-insomnia/www/Insomnia.js ... 
2017-10-31 20:07:52 +0000  653 bytes for ./www/plugins/cordova-plugin-insomnia/www/Insomnia.js
2017-10-31 20:07:52 +0000  copying file ./www/plugins/cordova-plugin-mauron85-background-geolocation/www/backgroundGeolocation.js ... 
2017-10-31 20:07:52 +0000  5992 bytes for ./www/plugins/cordova-plugin-mauron85-background-geolocation/www/backgroundGeolocation.js
2017-10-31 20:07:52 +0000  copying file ./www/plugins/cordova-plugin-splashscreen/www/splashscreen.js ... 
2017-10-31 20:07:52 +0000  1173 bytes for ./www/plugins/cordova-plugin-splashscreen/www/splashscreen.js
2017-10-31 20:07:52 +0000  copying file ./www/plugins/cordova-plugin-statusbar/www/statusbar.js ... 
2017-10-31 20:07:52 +0000  3376 bytes for ./www/plugins/cordova-plugin-statusbar/www/statusbar.js
2017-10-31 20:07:52 +0000  copying file ./www/plugins/ionic-plugin-keyboard/www/ios/keyboard.js ... 
2017-10-31 20:07:52 +0000  1108 bytes for ./www/plugins/ionic-plugin-keyboard/www/ios/keyboard.js
2017-10-31 20:07:52 +0000  copying file ./www/plugins/onesignal-cordova-plugin/www/OneSignal.js ... 
2017-10-31 20:07:52 +0000  9287 bytes for ./www/plugins/onesignal-cordova-plugin/www/OneSignal.js
2017-10-31 20:07:52 +0000  copying file ./www/service-worker.js ... 
2017-10-31 20:07:52 +0000  715 bytes for ./www/service-worker.js
2017-10-31 20:07:52 +0000  /usr/bin/ditto exited with 0
2017-10-31 20:07:52 +0000  Processing step: IDEDistributionEmbedProfileStep
2017-10-31 20:07:52 +0000  Processing step: IDEDistributionAppThinningPlistStep
2017-10-31 20:07:52 +0000  Skipping step: IDEDistributionAppThinningPlistStep because it said so
2017-10-31 20:07:52 +0000  Processing step: IDEDistributionCompileBitcodeStep
2017-10-31 20:07:52 +0000  Skipping step: IDEDistributionCompileBitcodeStep because it said so
2017-10-31 20:07:52 +0000  Processing step: IDEDistributionCodeSlimmingStep
2017-10-31 20:07:52 +0000  Processing step: IDEDistributionCopyBCSymbolMapsStep
2017-10-31 20:07:52 +0000  Skipping step: IDEDistributionCopyBCSymbolMapsStep because it said so
2017-10-31 20:07:52 +0000  Processing step: IDEDistributionSymbolsStep
2017-10-31 20:07:52 +0000  Skipping step: IDEDistributionSymbolsStep because it said so
2017-10-31 20:07:52 +0000  Processing step: IDEDistributionAppThinningStep
2017-10-31 20:07:52 +0000  Skipping step: IDEDistributionAppThinningStep because it said so
2017-10-31 20:07:52 +0000  Processing step: IDEDistributionODRStep
2017-10-31 20:07:52 +0000  Processing step: IDEDistributionStripXattrsStep
2017-10-31 20:07:52 +0000  Running /usr/bin/xattr '-cr' '/var/folders/jl/kxkjwfqx5rl7nv1nc9jmpdmc6fbp_7/T/XcodeDistPipeline.NGE/Root/Payload/Ruta8.app'
2017-10-31 20:07:52 +0000  /usr/bin/xattr exited with 0
2017-10-31 20:07:52 +0000  Processing step: IDEDistributionCodesignStep
2017-10-31 20:07:52 +0000  Applying entitlements delta for <IDEDistributionItem: 0x7fc6abef2230 'com.bonobo-digital.apps.ruta8' '<DVTFilePath:0x7fc6c396bd60:'/Users/cca000q/Library/Developer/Xcode/Archives/2017-10-31/Ruta8 10-31-17, 13.21.xcarchive/Products/Applications/Ruta8.app'>'> from <IDEiCloudEntitlementsProcessor: 0x7fc6af80b150>: {
}
2017-10-31 20:07:52 +0000  Entitlements for <IDEDistributionItem: 0x7fc6abef2230 'com.bonobo-digital.apps.ruta8' '<DVTFilePath:0x7fc6c396bd60:'/Users/cca000q/Library/Developer/Xcode/Archives/2017-10-31/Ruta8 10-31-17, 13.21.xcarchive/Products/Applications/Ruta8.app'>'>: {
    "application-identifier" = "PEVL7W78Y7.com.bonobo-digital.apps.ruta8";
    "com.apple.developer.team-identifier" = PEVL7W78Y7;
    "get-task-allow" = 0;
    "keychain-access-groups" =     (
        "PEVL7W78Y7.com.bonobo-digital.apps.ruta8"
    );
}
2017-10-31 20:07:52 +0000  Writing entitlements for <IDEDistributionItem: 0x7fc6abef2230 'com.bonobo-digital.apps.ruta8' '<DVTFilePath:0x7fc6c396bd60:'/Users/cca000q/Library/Developer/Xcode/Archives/2017-10-31/Ruta8 10-31-17, 13.21.xcarchive/Products/Applications/Ruta8.app'>'> to: /var/folders/jl/kxkjwfqx5rl7nv1nc9jmpdmc6fbp_7/T/XcodeDistPipeline.NGE/entitlementsIL1uBh
2017-10-31 20:07:52 +0000  Running /usr/bin/codesign '-vvv' '--force' '--sign' '8F94627298EC12F1AD84ABAC358A0AC5A0B4FCF7' '--preserve-metadata=identifier,flags' '--entitlements' '/var/folders/jl/kxkjwfqx5rl7nv1nc9jmpdmc6fbp_7/T/XcodeDistPipeline.NGE/entitlementsIL1uBh' '/var/folders/jl/kxkjwfqx5rl7nv1nc9jmpdmc6fbp_7/T/XcodeDistPipeline.NGE/Root/Payload/Ruta8.app'
2017-10-31 20:07:52 +0000  /var/folders/jl/kxkjwfqx5rl7nv1nc9jmpdmc6fbp_7/T/XcodeDistPipeline.NGE/Root/Payload/Ruta8.app: replacing existing signature
2017-10-31 20:07:52 +0000  /var/folders/jl/kxkjwfqx5rl7nv1nc9jmpdmc6fbp_7/T/XcodeDistPipeline.NGE/Root/Payload/Ruta8.app: signed app bundle with Mach-O universal (armv7 arm64) [com.bonobo-digital.apps.ruta8]
2017-10-31 20:07:52 +0000  /usr/bin/codesign exited with 0
2017-10-31 20:07:52 +0000  Processing step: IDEDistributionStreamingZipItemStep
2017-10-31 20:07:52 +0000  Skipping step: IDEDistributionStreamingZipItemStep because it said so
2017-10-31 20:07:52 +0000  Processing step: IDEDistributionCreateIPAStep
2017-10-31 20:07:52 +0000  Running /usr/bin/ditto '-V' '-c' '-k' '--norsrc' '/var/folders/jl/kxkjwfqx5rl7nv1nc9jmpdmc6fbp_7/T/XcodeDistPipeline.NGE/Root' '/var/folders/jl/kxkjwfqx5rl7nv1nc9jmpdmc6fbp_7/T/XcodeDistPipeline.NGE/Packages/Ruta8.ipa'
2017-10-31 20:07:52 +0000  >>> Copying /var/folders/jl/kxkjwfqx5rl7nv1nc9jmpdmc6fbp_7/T/XcodeDistPipeline.NGE/Root 
2017-10-31 20:07:52 +0000  
2017-10-31 20:07:52 +0000  copying file ./Payload/Ruta8.app/_CodeSignature/CodeResources ... 
2017-10-31 20:07:52 +0000  34289 bytes for ./Payload/Ruta8.app/_CodeSignature/CodeResources
2017-10-31 20:07:52 +0000  copying file ./Payload/Ruta8.app/appbeep.wav ... 
2017-10-31 20:07:52 +0000  11968 bytes for ./Payload/Ruta8.app/appbeep.wav
2017-10-31 20:07:52 +0000  copying file ./Payload/Ruta8.app/AppIcon29x29.png ... 
2017-10-31 20:07:52 +0000  1161 bytes for ./Payload/Ruta8.app/AppIcon29x29.png
copying file ./Payload/Ruta8.app/AppIcon29x29@2x.png ... 
2017-10-31 20:07:52 +0000  2643 bytes for ./Payload/Ruta8.app/AppIcon29x29@2x.png
copying file ./Payload/Ruta8.app/AppIcon29x29@2x~ipad.png ... 
2017-10-31 20:07:52 +0000  2643 bytes for ./Payload/Ruta8.app/AppIcon29x29@2x~ipad.png
copying file ./Payload/Ruta8.app/AppIcon29x29@3x.png ... 
2017-10-31 20:07:52 +0000  6514 bytes for ./Payload/Ruta8.app/AppIcon29x29@3x.png
copying file ./Payload/Ruta8.app/AppIcon29x29~ipad.png ... 
2017-10-31 20:07:52 +0000  1161 bytes for ./Payload/Ruta8.app/AppIcon29x29~ipad.png
copying file ./Payload/Ruta8.app/AppIcon40x40@2x.png ... 
2017-10-31 20:07:52 +0000  6217 bytes for ./Payload/Ruta8.app/AppIcon40x40@2x.png
copying file ./Payload/Ruta8.app/AppIcon40x40@2x~ipad.png ... 
2017-10-31 20:07:52 +0000  6217 bytes for ./Payload/Ruta8.app/AppIcon40x40@2x~ipad.png
2017-10-31 20:07:52 +0000  copying file ./Payload/Ruta8.app/AppIcon40x40@3x.png ... 
2017-10-31 20:07:52 +0000  9342 bytes for ./Payload/Ruta8.app/AppIcon40x40@3x.png
copying file ./Payload/Ruta8.app/AppIcon40x40~ipad.png ... 
2017-10-31 20:07:52 +0000  1574 bytes for ./Payload/Ruta8.app/AppIcon40x40~ipad.png
copying file ./Payload/Ruta8.app/AppIcon50x50@2x~ipad.png ... 
2017-10-31 20:07:52 +0000  7917 bytes for ./Payload/Ruta8.app/AppIcon50x50@2x~ipad.png
2017-10-31 20:07:52 +0000  copying file ./Payload/Ruta8.app/AppIcon50x50~ipad.png ... 
2017-10-31 20:07:52 +0000  2278 bytes for ./Payload/Ruta8.app/AppIcon50x50~ipad.png
copying file ./Payload/Ruta8.app/AppIcon57x57.png ... 
2017-10-31 20:07:52 +0000  2442 bytes for ./Payload/Ruta8.app/AppIcon57x57.png
2017-10-31 20:07:52 +0000  copying file ./Payload/Ruta8.app/AppIcon57x57@2x.png ... 
2017-10-31 20:07:52 +0000  9149 bytes for ./Payload/Ruta8.app/AppIcon57x57@2x.png
copying file ./Payload/Ruta8.app/AppIcon60x60@2x.png ... 
2017-10-31 20:07:52 +0000  9342 bytes for ./Payload/Ruta8.app/AppIcon60x60@2x.png
copying file ./Payload/Ruta8.app/AppIcon60x60@3x.png ... 
2017-10-31 20:07:52 +0000  15427 bytes for ./Payload/Ruta8.app/AppIcon60x60@3x.png
2017-10-31 20:07:52 +0000  copying file ./Payload/Ruta8.app/AppIcon72x72@2x~ipad.png ... 
2017-10-31 20:07:52 +0000  11850 bytes for ./Payload/Ruta8.app/AppIcon72x72@2x~ipad.png
copying file ./Payload/Ruta8.app/AppIcon72x72~ipad.png ... 
2017-10-31 20:07:52 +0000  5055 bytes for ./Payload/Ruta8.app/AppIcon72x72~ipad.png
2017-10-31 20:07:52 +0000  copying file ./Payload/Ruta8.app/AppIcon76x76@2x~ipad.png ... 
2017-10-31 20:07:52 +0000  12482 bytes for ./Payload/Ruta8.app/AppIcon76x76@2x~ipad.png
2017-10-31 20:07:52 +0000  copying file ./Payload/Ruta8.app/AppIcon76x76~ipad.png ... 
2017-10-31 20:07:52 +0000  5829 bytes for ./Payload/Ruta8.app/AppIcon76x76~ipad.png
2017-10-31 20:07:52 +0000  copying file ./Payload/Ruta8.app/AppIcon83.5x83.5@2x~ipad.png ... 
2017-10-31 20:07:52 +0000  14259 bytes for ./Payload/Ruta8.app/AppIcon83.5x83.5@2x~ipad.png
2017-10-31 20:07:52 +0000  copying file ./Payload/Ruta8.app/archived-expanded-entitlements.xcent ... 
396 bytes for ./Payload/Ruta8.app/archived-expanded-entitlements.xcent
copying file ./Payload/Ruta8.app/Assets.car ... 
2017-10-31 20:07:52 +0000  367224 bytes for ./Payload/Ruta8.app/Assets.car
2017-10-31 20:07:52 +0000  copying file ./Payload/Ruta8.app/CDVLaunchScreen.storyboardc/01J-lp-oVM-view-Ze5-6b-2t3.nib ... 
2017-10-31 20:07:52 +0000  2282 bytes for ./Payload/Ruta8.app/CDVLaunchScreen.storyboardc/01J-lp-oVM-view-Ze5-6b-2t3.nib
copying file ./Payload/Ruta8.app/CDVLaunchScreen.storyboardc/Info.plist ... 
258 bytes for ./Payload/Ruta8.app/CDVLaunchScreen.storyboardc/Info.plist
2017-10-31 20:07:52 +0000  copying file ./Payload/Ruta8.app/CDVLaunchScreen.storyboardc/UIViewController-01J-lp-oVM.nib ... 
832 bytes for ./Payload/Ruta8.app/CDVLaunchScreen.storyboardc/UIViewController-01J-lp-oVM.nib
2017-10-31 20:07:52 +0000  copying file ./Payload/Ruta8.app/config.xml ... 
2017-10-31 20:07:52 +0000  6708 bytes for ./Payload/Ruta8.app/config.xml
copying file ./Payload/Ruta8.app/embedded.mobileprovision ... 
2017-10-31 20:07:52 +0000  7627 bytes for ./Payload/Ruta8.app/embedded.mobileprovision
2017-10-31 20:07:52 +0000  copying file ./Payload/Ruta8.app/Info.plist ... 
2017-10-31 20:07:52 +0000  2485 bytes for ./Payload/Ruta8.app/Info.plist
copying file ./Payload/Ruta8.app/LaunchImage-568h@2x.png ... 
2017-10-31 20:07:52 +0000  24210 bytes for ./Payload/Ruta8.app/LaunchImage-568h@2x.png
copying file ./Payload/Ruta8.app/LaunchImage-700-568h@2x.png ... 
2017-10-31 20:07:52 +0000  24210 bytes for ./Payload/Ruta8.app/LaunchImage-700-568h@2x.png
copying file ./Payload/Ruta8.app/LaunchImage-700-Landscape@2x~ipad.png ... 
2017-10-31 20:07:52 +0000  141851 bytes for ./Payload/Ruta8.app/LaunchImage-700-Landscape@2x~ipad.png
copying file ./Payload/Ruta8.app/LaunchImage-700-Landscape~ipad.png ... 
2017-10-31 20:07:52 +0000  28641 bytes for ./Payload/Ruta8.app/LaunchImage-700-Landscape~ipad.png
copying file ./Payload/Ruta8.app/LaunchImage-700-Portrait@2x~ipad.png ... 
2017-10-31 20:07:52 +0000  145829 bytes for ./Payload/Ruta8.app/LaunchImage-700-Portrait@2x~ipad.png
copying file ./Payload/Ruta8.app/LaunchImage-700-Portrait~ipad.png ... 
2017-10-31 20:07:52 +0000  27228 bytes for ./Payload/Ruta8.app/LaunchImage-700-Portrait~ipad.png
copying file ./Payload/Ruta8.app/LaunchImage-700@2x.png ... 
2017-10-31 20:07:52 +0000  23869 bytes for ./Payload/Ruta8.app/LaunchImage-700@2x.png
copying file ./Payload/Ruta8.app/LaunchImage-800-667h@2x.png ... 
2017-10-31 20:07:52 +0000  30104 bytes for ./Payload/Ruta8.app/LaunchImage-800-667h@2x.png
copying file ./Payload/Ruta8.app/LaunchImage-800-Landscape-736h@3x.png ... 
2017-10-31 20:07:52 +0000  136925 bytes for ./Payload/Ruta8.app/LaunchImage-800-Landscape-736h@3x.png
copying file ./Payload/Ruta8.app/LaunchImage-800-Portrait-736h@3x.png ... 
2017-10-31 20:07:52 +0000  137256 bytes for ./Payload/Ruta8.app/LaunchImage-800-Portrait-736h@3x.png
copying file ./Payload/Ruta8.app/LaunchImage-Portrait@2x~ipad.png ... 
2017-10-31 20:07:52 +0000  145829 bytes for ./Payload/Ruta8.app/LaunchImage-Portrait@2x~ipad.png
copying file ./Payload/Ruta8.app/LaunchImage-Portrait~ipad.png ... 
2017-10-31 20:07:52 +0000  27228 bytes for ./Payload/Ruta8.app/LaunchImage-Portrait~ipad.png
copying file ./Payload/Ruta8.app/LaunchImage.png ... 
2017-10-31 20:07:52 +0000  9852 bytes for ./Payload/Ruta8.app/LaunchImage.png
copying file ./Payload/Ruta8.app/LaunchImage@2x.png ... 
2017-10-31 20:07:52 +0000  23869 bytes for ./Payload/Ruta8.app/LaunchImage@2x.png
copying file ./Payload/Ruta8.app/MainViewController.nib ... 
2017-10-31 20:07:52 +0000  943 bytes for ./Payload/Ruta8.app/MainViewController.nib
copying file ./Payload/Ruta8.app/PkgInfo ... 
2017-10-31 20:07:52 +0000  8 bytes for ./Payload/Ruta8.app/PkgInfo
copying file ./Payload/Ruta8.app/Ruta8 ... 
2017-10-31 20:07:52 +0000  1581824 bytes for ./Payload/Ruta8.app/Ruta8
2017-10-31 20:07:52 +0000  copying file ./Payload/Ruta8.app/www/assets/fonts/ionicons.woff ... 
2017-10-31 20:07:52 +0000  80356 bytes for ./Payload/Ruta8.app/www/assets/fonts/ionicons.woff
copying file ./Payload/Ruta8.app/www/assets/fonts/ionicons.woff2 ... 
2017-10-31 20:07:52 +0000  61020 bytes for ./Payload/Ruta8.app/www/assets/fonts/ionicons.woff2
copying file ./Payload/Ruta8.app/www/assets/fonts/roboto-bold.woff ... 
2017-10-31 20:07:52 +0000  13348 bytes for ./Payload/Ruta8.app/www/assets/fonts/roboto-bold.woff
copying file ./Payload/Ruta8.app/www/assets/fonts/roboto-bold.woff2 ... 
2017-10-31 20:07:52 +0000  10212 bytes for ./Payload/Ruta8.app/www/assets/fonts/roboto-bold.woff2
copying file ./Payload/Ruta8.app/www/assets/fonts/roboto-light.woff ... 
2017-10-31 20:07:52 +0000  13360 bytes for ./Payload/Ruta8.app/www/assets/fonts/roboto-light.woff
copying file ./Payload/Ruta8.app/www/assets/fonts/roboto-light.woff2 ... 
2017-10-31 20:07:52 +0000  10220 bytes for ./Payload/Ruta8.app/www/assets/fonts/roboto-light.woff2
copying file ./Payload/Ruta8.app/www/assets/fonts/roboto-medium.woff ... 
2017-10-31 20:07:52 +0000  13248 bytes for ./Payload/Ruta8.app/www/assets/fonts/roboto-medium.woff
copying file ./Payload/Ruta8.app/www/assets/fonts/roboto-medium.woff2 ... 
2017-10-31 20:07:52 +0000  10192 bytes for ./Payload/Ruta8.app/www/assets/fonts/roboto-medium.woff2
copying file ./Payload/Ruta8.app/www/assets/fonts/roboto-regular.woff ... 
2017-10-31 20:07:52 +0000  13308 bytes for ./Payload/Ruta8.app/www/assets/fonts/roboto-regular.woff
copying file ./Payload/Ruta8.app/www/assets/fonts/roboto-regular.woff2 ... 
2017-10-31 20:07:52 +0000  10196 bytes for ./Payload/Ruta8.app/www/assets/fonts/roboto-regular.woff2
2017-10-31 20:07:52 +0000  copying file ./Payload/Ruta8.app/www/assets/icon/favicon.ico ... 
2017-10-31 20:07:52 +0000  1981 bytes for ./Payload/Ruta8.app/www/assets/icon/favicon.ico
copying file ./Payload/Ruta8.app/www/assets/images/destino.png ... 
2017-10-31 20:07:52 +0000  23621 bytes for ./Payload/Ruta8.app/www/assets/images/destino.png
copying file ./Payload/Ruta8.app/www/assets/images/logo.jpg ... 
2017-10-31 20:07:52 +0000  45428 bytes for ./Payload/Ruta8.app/www/assets/images/logo.jpg
copying file ./Payload/Ruta8.app/www/assets/images/marker.png ... 
2017-10-31 20:07:52 +0000  31920 bytes for ./Payload/Ruta8.app/www/assets/images/marker.png
copying file ./Payload/Ruta8.app/www/assets/images/user.png ... 
2017-10-31 20:07:52 +0000  24699 bytes for ./Payload/Ruta8.app/www/assets/images/user.png
2017-10-31 20:07:52 +0000  copying file ./Payload/Ruta8.app/www/build/0.main.js ... 
2017-10-31 20:07:52 +0000  1999 bytes for ./Payload/Ruta8.app/www/build/0.main.js
copying file ./Payload/Ruta8.app/www/build/0.main.js.map ... 
2017-10-31 20:07:52 +0000  870 bytes for ./Payload/Ruta8.app/www/build/0.main.js.map
copying file ./Payload/Ruta8.app/www/build/1.main.js ... 
2044 bytes for ./Payload/Ruta8.app/www/build/1.main.js
2017-10-31 20:07:52 +0000  copying file ./Payload/Ruta8.app/www/build/1.main.js.map ... 
905 bytes for ./Payload/Ruta8.app/www/build/1.main.js.map
copying file ./Payload/Ruta8.app/www/build/2.main.js ... 
2017-10-31 20:07:52 +0000  1984 bytes for ./Payload/Ruta8.app/www/build/2.main.js
copying file ./Payload/Ruta8.app/www/build/2.main.js.map ... 
2017-10-31 20:07:52 +0000  858 bytes for ./Payload/Ruta8.app/www/build/2.main.js.map
copying file ./Payload/Ruta8.app/www/build/3.main.js ... 
2017-10-31 20:07:52 +0000  2029 bytes for ./Payload/Ruta8.app/www/build/3.main.js
copying file ./Payload/Ruta8.app/www/build/3.main.js.map ... 
893 bytes for ./Payload/Ruta8.app/www/build/3.main.js.map
2017-10-31 20:07:52 +0000  copying file ./Payload/Ruta8.app/www/build/4.main.js ... 
1903 bytes for ./Payload/Ruta8.app/www/build/4.main.js
copying file ./Payload/Ruta8.app/www/build/4.main.js.map ... 
2017-10-31 20:07:52 +0000  785 bytes for ./Payload/Ruta8.app/www/build/4.main.js.map
copying file ./Payload/Ruta8.app/www/build/5.main.js ... 
2017-10-31 20:07:52 +0000  1918 bytes for ./Payload/Ruta8.app/www/build/5.main.js
copying file ./Payload/Ruta8.app/www/build/5.main.js.map ... 
2017-10-31 20:07:52 +0000  795 bytes for ./Payload/Ruta8.app/www/build/5.main.js.map
copying file ./Payload/Ruta8.app/www/build/6.main.js ... 
2017-10-31 20:07:52 +0000  1904 bytes for ./Payload/Ruta8.app/www/build/6.main.js
2017-10-31 20:07:52 +0000  copying file ./Payload/Ruta8.app/www/build/6.main.js.map ... 
785 bytes for ./Payload/Ruta8.app/www/build/6.main.js.map
2017-10-31 20:07:52 +0000  copying file ./Payload/Ruta8.app/www/build/7.main.js ... 
2017-10-31 20:07:52 +0000  1948 bytes for ./Payload/Ruta8.app/www/build/7.main.js
copying file ./Payload/Ruta8.app/www/build/7.main.js.map ... 
2017-10-31 20:07:52 +0000  821 bytes for ./Payload/Ruta8.app/www/build/7.main.js.map
copying file ./Payload/Ruta8.app/www/build/main.css ... 
2017-10-31 20:07:52 +0000  497085 bytes for ./Payload/Ruta8.app/www/build/main.css
copying file ./Payload/Ruta8.app/www/build/main.css.map ... 
2017-10-31 20:07:52 +0000  4 bytes for ./Payload/Ruta8.app/www/build/main.css.map
copying file ./Payload/Ruta8.app/www/build/main.js ... 
2017-10-31 20:07:52 +0000  4819332 bytes for ./Payload/Ruta8.app/www/build/main.js
copying file ./Payload/Ruta8.app/www/build/main.js.map ... 
2017-10-31 20:07:53 +0000  5630148 bytes for ./Payload/Ruta8.app/www/build/main.js.map
copying file ./Payload/Ruta8.app/www/build/polyfills.js ... 
2017-10-31 20:07:53 +0000  89629 bytes for ./Payload/Ruta8.app/www/build/polyfills.js
copying file ./Payload/Ruta8.app/www/build/sw-toolbox.js ... 
2017-10-31 20:07:53 +0000  15793 bytes for ./Payload/Ruta8.app/www/build/sw-toolbox.js
2017-10-31 20:07:53 +0000  copying file ./Payload/Ruta8.app/www/cordova-js-src/exec.js ... 
2017-10-31 20:07:53 +0000  8877 bytes for ./Payload/Ruta8.app/www/cordova-js-src/exec.js
copying file ./Payload/Ruta8.app/www/cordova-js-src/platform.js ... 
2017-10-31 20:07:53 +0000  943 bytes for ./Payload/Ruta8.app/www/cordova-js-src/platform.js
copying file ./Payload/Ruta8.app/www/cordova.js ... 
2017-10-31 20:07:53 +0000  61623 bytes for ./Payload/Ruta8.app/www/cordova.js
copying file ./Payload/Ruta8.app/www/cordova_plugins.js ... 
2017-10-31 20:07:53 +0000  4308 bytes for ./Payload/Ruta8.app/www/cordova_plugins.js
copying file ./Payload/Ruta8.app/www/index.html ... 
2017-10-31 20:07:53 +0000  1535 bytes for ./Payload/Ruta8.app/www/index.html
copying file ./Payload/Ruta8.app/www/manifest.json ... 
2017-10-31 20:07:53 +0000  266 bytes for ./Payload/Ruta8.app/www/manifest.json
2017-10-31 20:07:53 +0000  copying file ./Payload/Ruta8.app/www/plugins/cordova-plugin-background-mode/www/background-mode.js ... 
2017-10-31 20:07:53 +0000  8725 bytes for ./Payload/Ruta8.app/www/plugins/cordova-plugin-background-mode/www/background-mode.js
2017-10-31 20:07:53 +0000  copying file ./Payload/Ruta8.app/www/plugins/cordova-plugin-console/www/console-via-logger.js ... 
2017-10-31 20:07:53 +0000  6896 bytes for ./Payload/Ruta8.app/www/plugins/cordova-plugin-console/www/console-via-logger.js
2017-10-31 20:07:53 +0000  copying file ./Payload/Ruta8.app/www/plugins/cordova-plugin-console/www/logger.js ... 
2017-10-31 20:07:53 +0000  10323 bytes for ./Payload/Ruta8.app/www/plugins/cordova-plugin-console/www/logger.js
2017-10-31 20:07:53 +0000  copying file ./Payload/Ruta8.app/www/plugins/cordova-plugin-device/www/device.js ... 
2017-10-31 20:07:53 +0000  3062 bytes for ./Payload/Ruta8.app/www/plugins/cordova-plugin-device/www/device.js
2017-10-31 20:07:53 +0000  copying file ./Payload/Ruta8.app/www/plugins/cordova-plugin-geolocation/www/Coordinates.js ... 
2017-10-31 20:07:53 +0000  2075 bytes for ./Payload/Ruta8.app/www/plugins/cordova-plugin-geolocation/www/Coordinates.js
2017-10-31 20:07:53 +0000  copying file ./Payload/Ruta8.app/www/plugins/cordova-plugin-geolocation/www/geolocation.js ... 
2017-10-31 20:07:53 +0000  8629 bytes for ./Payload/Ruta8.app/www/plugins/cordova-plugin-geolocation/www/geolocation.js
2017-10-31 20:07:53 +0000  copying file ./Payload/Ruta8.app/www/plugins/cordova-plugin-geolocation/www/Position.js ... 
2017-10-31 20:07:53 +0000  1358 bytes for ./Payload/Ruta8.app/www/plugins/cordova-plugin-geolocation/www/Position.js
copying file ./Payload/Ruta8.app/www/plugins/cordova-plugin-geolocation/www/PositionError.js ... 
2017-10-31 20:07:53 +0000  1376 bytes for ./Payload/Ruta8.app/www/plugins/cordova-plugin-geolocation/www/PositionError.js
2017-10-31 20:07:53 +0000  copying file ./Payload/Ruta8.app/www/plugins/cordova-plugin-insomnia/www/Insomnia.js ... 
2017-10-31 20:07:53 +0000  653 bytes for ./Payload/Ruta8.app/www/plugins/cordova-plugin-insomnia/www/Insomnia.js
2017-10-31 20:07:53 +0000  copying file ./Payload/Ruta8.app/www/plugins/cordova-plugin-mauron85-background-geolocation/www/backgroundGeolocation.js ... 
2017-10-31 20:07:53 +0000  5992 bytes for ./Payload/Ruta8.app/www/plugins/cordova-plugin-mauron85-background-geolocation/www/backgroundGeolocation.js
2017-10-31 20:07:53 +0000  copying file ./Payload/Ruta8.app/www/plugins/cordova-plugin-splashscreen/www/splashscreen.js ... 
2017-10-31 20:07:53 +0000  1173 bytes for ./Payload/Ruta8.app/www/plugins/cordova-plugin-splashscreen/www/splashscreen.js
2017-10-31 20:07:53 +0000  copying file ./Payload/Ruta8.app/www/plugins/cordova-plugin-statusbar/www/statusbar.js ... 
2017-10-31 20:07:53 +0000  3376 bytes for ./Payload/Ruta8.app/www/plugins/cordova-plugin-statusbar/www/statusbar.js
2017-10-31 20:07:53 +0000  copying file ./Payload/Ruta8.app/www/plugins/ionic-plugin-keyboard/www/ios/keyboard.js ... 
2017-10-31 20:07:53 +0000  1108 bytes for ./Payload/Ruta8.app/www/plugins/ionic-plugin-keyboard/www/ios/keyboard.js
2017-10-31 20:07:53 +0000  copying file ./Payload/Ruta8.app/www/plugins/onesignal-cordova-plugin/www/OneSignal.js ... 
2017-10-31 20:07:53 +0000  9287 bytes for ./Payload/Ruta8.app/www/plugins/onesignal-cordova-plugin/www/OneSignal.js
2017-10-31 20:07:53 +0000  copying file ./Payload/Ruta8.app/www/service-worker.js ... 
2017-10-31 20:07:53 +0000  715 bytes for ./Payload/Ruta8.app/www/service-worker.js
2017-10-31 20:07:53 +0000  /usr/bin/ditto exited with 0
2017-10-31 20:07:53 +0000  Processing step: IDEDistributionCreateManifestStep
